{
  "uid" : "21926fd75b594c65",
  "name" : "test_txout_locking[plutus_v1]",
  "fullName" : "cardano_node_tests.tests.test_plutus_spend_build.TestBuildLocking#test_txout_locking",
  "historyId" : "f0b9e0a513ecf859e2438f16f264f46b",
  "time" : {
    "start" : 1655372902978,
    "stop" : 1655372976212,
    "duration" : 73234
  },
  "description" : "Test locking a Tx output with a Plutus script and spending the locked UTxO.\n\n        Uses `cardano-cli transaction build` command for building the transactions.\n\n        Corresponds to Exercise 3 for Alonzo Blue.\n\n        * create a Tx output with a datum hash at the script address\n        * check that the expected amount was locked at the script address\n        * spend the locked UTxO\n        * check that the expected amount was spent\n        * check expected fees\n        * check expected Plutus cost\n        * (optional) check transactions in db-sync\n        ",
  "descriptionHtml" : "<p>Test locking a Tx output with a Plutus script and spending the locked UTxO.</p>\n<pre><code>    Uses `cardano-cli transaction build` command for building the transactions.\n\n    Corresponds to Exercise 3 for Alonzo Blue.\n\n    * create a Tx output with a datum hash at the script address\n    * check that the expected amount was locked at the script address\n    * spend the locked UTxO\n    * check that the expected amount was spent\n    * check expected fees\n    * check expected Plutus cost\n    * (optional) check transactions in db-sync\n</code></pre>\n",
  "status" : "failed",
  "statusMessage" : "AssertionError: time: 368100 vs 476468",
  "statusTrace" : "self = <cardano_node_tests.tests.test_plutus_spend_build.TestBuildLocking object at 0x7f62c59abc70>, cluster = <ClusterLib: protocol=cardano, tx_era=babbage>\npayment_addrs = [AddressRecord(address='addr_test1vr66ferg6kw93g5rt0h03saetj08znkeugwlllrlza45gxggt89tg', vkey_file=PosixPath('test_tx...st_txout_locking_ci0_fwh_payment_addr_1.vkey'), skey_file=PosixPath('test_txout_locking_ci0_fwh_payment_addr_1.skey'))], plutus_version = 'v1'\n\n    @allure.link(helpers.get_vcs_link())\n    @pytest.mark.dbsync\n    @pytest.mark.testnets\n    @param_plutus_version\n    def test_txout_locking(\n        self,\n        cluster: clusterlib.ClusterLib,\n        payment_addrs: List[clusterlib.AddressRecord],\n        plutus_version: str,\n    ):\n        \"\"\"Test locking a Tx output with a Plutus script and spending the locked UTxO.\n    \n        Uses `cardano-cli transaction build` command for building the transactions.\n    \n        Corresponds to Exercise 3 for Alonzo Blue.\n    \n        * create a Tx output with a datum hash at the script address\n        * check that the expected amount was locked at the script address\n        * spend the locked UTxO\n        * check that the expected amount was spent\n        * check expected fees\n        * check expected Plutus cost\n        * (optional) check transactions in db-sync\n        \"\"\"\n        temp_template = f\"{common.get_test_id(cluster)}_{plutus_version}\"\n    \n        plutus_op = plutus_common.PlutusOp(\n            script_file=plutus_common.ALWAYS_SUCCEEDS[plutus_version].script_file,\n            datum_file=plutus_common.DATUM_42_TYPED,\n            redeemer_cbor_file=plutus_common.REDEEMER_42_CBOR,\n            execution_cost=plutus_common.ALWAYS_SUCCEEDS[plutus_version].execution_cost,\n        )\n    \n        script_utxos, collateral_utxos, tx_output_fund = _build_fund_script(\n            temp_template=temp_template,\n            cluster_obj=cluster,\n            payment_addr=payment_addrs[0],\n            dst_addr=payment_addrs[1],\n            plutus_op=plutus_op,\n        )\n    \n        __, tx_output, plutus_cost = _build_spend_locked_txin(\n            temp_template=temp_template,\n            cluster_obj=cluster,\n            payment_addr=payment_addrs[0],\n            dst_addr=payment_addrs[1],\n            script_utxos=script_utxos,\n            collateral_utxos=collateral_utxos,\n            plutus_op=plutus_op,\n            amount=2_000_000,\n        )\n    \n        # check expected fees\n        expected_fee_fund = 168_845\n        assert helpers.is_in_interval(tx_output_fund.fee, expected_fee_fund, frac=0.15)\n    \n        expected_fee = 170_782\n        assert tx_output and helpers.is_in_interval(tx_output.fee, expected_fee, frac=0.15)\n    \n>       plutus_common.check_plutus_cost(\n            plutus_cost=plutus_cost,\n            expected_cost=[plutus_common.ALWAYS_SUCCEEDS[plutus_version].execution_cost],\n        )\n\n/home/martink/Source/repos/cardano-node-tests1/cardano_node_tests/tests/test_plutus_spend_build.py:470: \n_ _ _ _ _ _ _ _ _ _ _ _ _ _ _ _ _ _ _ _ _ _ _ _ _ _ _ _ _ _ _ _ _ _ _ _ _ _ _ _ _ _ _ _ _ _ _ _ _ _ _ _ _ _ _ _ _ _ _ _ _ _ _ _ _ _ _ _ _ _ _ _ _ _ _ _ _ _ _ _ _ _ _ _ _ _ _ _ _ _ _ _ _ _ _ _ _ _ _ _ _ _ _ _ _ _ _ _ _ _ _ _ _ _ _ _ _ _ _ _ _ _ _ _ _ _ _ _ _ _ _ _ _ _ _ _ _ _ _ _ _ _ \n\nplutus_cost = [{'executionUnits': {'memory': 1700, 'steps': 368100}, 'lovelaceCost': 125, 'scriptHash': '67f33146617a5e61936081db3b2117cbf59bd2123748f58ac9678656'}], expected_cost = [ExecutionCost(per_time=476468, per_space=1700, fixed_cost=133)]\n\n    def check_plutus_cost(plutus_cost: List[dict], expected_cost: List[ExecutionCost]):\n        \"\"\"Check plutus transaction cost.\n    \n        units: the time is in picoseconds and the space is in bytes.\n        \"\"\"\n        # sort records by total cost\n        sorted_plutus = sorted(\n            plutus_cost,\n            key=lambda x: x[\"executionUnits\"][\"memory\"]  # type: ignore\n            + x[\"executionUnits\"][\"steps\"]\n            + x[\"lovelaceCost\"],\n        )\n        sorted_expected = sorted(expected_cost, key=lambda x: x.per_space + x.per_time + x.fixed_cost)\n    \n        errors = []\n        for costs, expected_values in zip(sorted_plutus, sorted_expected):\n            tx_time = costs[\"executionUnits\"][\"steps\"]\n            tx_space = costs[\"executionUnits\"][\"memory\"]\n            lovelace_cost = costs[\"lovelaceCost\"]\n    \n            if not helpers.is_in_interval(tx_time, expected_values.per_time, frac=0.15):\n                errors.append(f\"time: {tx_time} vs {expected_values.per_time}\")\n            if not helpers.is_in_interval(tx_space, expected_values.per_space, frac=0.15):\n                errors.append(f\"space: {tx_space} vs {expected_values.per_space}\")\n            if not helpers.is_in_interval(lovelace_cost, expected_values.fixed_cost, frac=0.15):\n                errors.append(f\"fixed cost: {lovelace_cost} vs {expected_values.fixed_cost}\")\n    \n        if errors:\n>           raise AssertionError(\"\\n\".join(errors))\nE           AssertionError: time: 368100 vs 476468\n\n/home/martink/Source/repos/cardano-node-tests1/cardano_node_tests/tests/plutus_common.py:162: AssertionError",
  "flaky" : false,
  "newFailed" : false,
  "beforeStages" : [ {
    "name" : "testenv_setup_teardown",
    "time" : {
      "start" : 1655369880146,
      "stop" : 1655369880548,
      "duration" : 402
    },
    "status" : "passed",
    "steps" : [ ],
    "attachments" : [ ],
    "parameters" : [ ],
    "stepsCount" : 0,
    "attachmentsCount" : 0,
    "shouldDisplayMessage" : false,
    "hasContent" : false
  }, {
    "name" : "cd_testfile_temp_dir",
    "time" : {
      "start" : 1655372375423,
      "stop" : 1655372375423,
      "duration" : 0
    },
    "status" : "passed",
    "steps" : [ ],
    "attachments" : [ ],
    "parameters" : [ ],
    "stepsCount" : 0,
    "attachmentsCount" : 0,
    "shouldDisplayMessage" : false,
    "hasContent" : false
  }, {
    "name" : "tmp_path_factory",
    "time" : {
      "start" : 1655369880145,
      "stop" : 1655369880145,
      "duration" : 0
    },
    "status" : "passed",
    "steps" : [ ],
    "attachments" : [ ],
    "parameters" : [ ],
    "stepsCount" : 0,
    "attachmentsCount" : 0,
    "shouldDisplayMessage" : false,
    "hasContent" : false
  }, {
    "name" : "payment_addrs",
    "time" : {
      "start" : 1655372375679,
      "stop" : 1655372902978,
      "duration" : 527299
    },
    "status" : "passed",
    "steps" : [ ],
    "attachments" : [ ],
    "parameters" : [ ],
    "stepsCount" : 0,
    "attachmentsCount" : 0,
    "shouldDisplayMessage" : false,
    "hasContent" : false
  }, {
    "name" : "testfile_temp_dir",
    "time" : {
      "start" : 1655372375422,
      "stop" : 1655372375423,
      "duration" : 1
    },
    "status" : "passed",
    "steps" : [ ],
    "attachments" : [ ],
    "parameters" : [ ],
    "stepsCount" : 0,
    "attachmentsCount" : 0,
    "shouldDisplayMessage" : false,
    "hasContent" : false
  }, {
    "name" : "cluster_manager",
    "time" : {
      "start" : 1655372375423,
      "stop" : 1655372375423,
      "duration" : 0
    },
    "status" : "passed",
    "steps" : [ ],
    "attachments" : [ ],
    "parameters" : [ ],
    "stepsCount" : 0,
    "attachmentsCount" : 0,
    "shouldDisplayMessage" : false,
    "hasContent" : false
  }, {
    "name" : "cluster",
    "time" : {
      "start" : 1655372375423,
      "stop" : 1655372375679,
      "duration" : 256
    },
    "status" : "passed",
    "steps" : [ ],
    "attachments" : [ ],
    "parameters" : [ ],
    "stepsCount" : 0,
    "attachmentsCount" : 0,
    "shouldDisplayMessage" : false,
    "hasContent" : false
  }, {
    "name" : "close_dbconn",
    "time" : {
      "start" : 1655369880146,
      "stop" : 1655369880146,
      "duration" : 0
    },
    "status" : "passed",
    "steps" : [ ],
    "attachments" : [ ],
    "parameters" : [ ],
    "stepsCount" : 0,
    "attachmentsCount" : 0,
    "shouldDisplayMessage" : false,
    "hasContent" : false
  }, {
    "name" : "session_autouse",
    "time" : {
      "start" : 1655369880548,
      "stop" : 1655369880548,
      "duration" : 0
    },
    "status" : "passed",
    "steps" : [ ],
    "attachments" : [ ],
    "parameters" : [ ],
    "stepsCount" : 0,
    "attachmentsCount" : 0,
    "shouldDisplayMessage" : false,
    "hasContent" : false
  }, {
    "name" : "function_autouse",
    "time" : {
      "start" : 1655372375423,
      "stop" : 1655372375423,
      "duration" : 0
    },
    "status" : "passed",
    "steps" : [ ],
    "attachments" : [ ],
    "parameters" : [ ],
    "stepsCount" : 0,
    "attachmentsCount" : 0,
    "shouldDisplayMessage" : false,
    "hasContent" : false
  }, {
    "name" : "worker_id",
    "time" : {
      "start" : 1655369880146,
      "stop" : 1655369880146,
      "duration" : 0
    },
    "status" : "passed",
    "steps" : [ ],
    "attachments" : [ ],
    "parameters" : [ ],
    "stepsCount" : 0,
    "attachmentsCount" : 0,
    "shouldDisplayMessage" : false,
    "hasContent" : false
  }, {
    "name" : "change_dir",
    "time" : {
      "start" : 1655369880145,
      "stop" : 1655369880146,
      "duration" : 1
    },
    "status" : "passed",
    "steps" : [ ],
    "attachments" : [ ],
    "parameters" : [ ],
    "stepsCount" : 0,
    "attachmentsCount" : 0,
    "shouldDisplayMessage" : false,
    "hasContent" : false
  } ],
  "afterStages" : [ {
    "name" : "testenv_setup_teardown::0",
    "time" : {
      "start" : 1655381964947,
      "stop" : 1655381964948,
      "duration" : 1
    },
    "status" : "passed",
    "steps" : [ ],
    "attachments" : [ ],
    "parameters" : [ ],
    "stepsCount" : 0,
    "attachmentsCount" : 0,
    "shouldDisplayMessage" : false,
    "hasContent" : false
  }, {
    "name" : "cd_testfile_temp_dir::0",
    "time" : {
      "start" : 1655372976319,
      "stop" : 1655372976319,
      "duration" : 0
    },
    "status" : "passed",
    "steps" : [ ],
    "attachments" : [ ],
    "parameters" : [ ],
    "stepsCount" : 0,
    "attachmentsCount" : 0,
    "shouldDisplayMessage" : false,
    "hasContent" : false
  }, {
    "name" : "cluster_manager::0",
    "time" : {
      "start" : 1655372976317,
      "stop" : 1655372976319,
      "duration" : 2
    },
    "status" : "failed",
    "statusMessage" : "AssertionError: Errors found in cluster log files:\n/home/martink/Source/repos/cardano-node1/state-cluster0/relay1.stdout: \u001B[31m[bender-3:cardano.node.PeerSelectionActions:Error:31507]\u001B[0m [2022-06-16 09:48:33.82 UTC] PeerStatusChangeFailure (ColdToWarm Nothing 107.21.230.32:3002) HandshakeClientFailure\n\n/home/martink/Source/repos/cardano-node1/state-cluster0/relay1.stdout: \u001B[34m[bender-3:cardano.node.PeerSelection:Info:56]\u001B[0m [2022-06-16 09:48:33.82 UTC] TracePromoteColdFailed 50 21 107.21.230.32:3002 158.320304917377s ClientException (HandshakeProtocolError (HandshakeError (Refused NodeToNodeV_7 \"version data mismatch: NodeToNodeVersionData {networkMagic = NetworkMagic {unNetworkMagic = 764824073}, diffusionMode = InitiatorAndResponderDiffusionMode} /= NodeToNodeVersionData {networkMagic = NetworkMagic {unNetworkMagic = 9}, diffusionMode = InitiatorAndResponderDiffusionMode}\")))\n\n/home/martink/Source/repos/cardano-node1/state-cluster0/relay1.stdout: \u001B[31m[bender-3:cardano.node.PeerSelectionActions:Error:31645]\u001B[0m [2022-06-16 09:49:21.83 UTC] PeerStatusChangeFailure (ColdToWarm Nothing 107.23.61.45:3001) HandshakeClientFailure\n\n/home/martink/Source/repos/cardano-node1/state-cluster0/relay1.stdout: \u001B[34m[bender-3:cardano.node.PeerSelection:Info:56]\u001B[0m [2022-06-16 09:49:21.83 UTC] TracePromoteColdFailed 50 21 107.23.61.45:3001 158.932332108883s ClientException (HandshakeProtocolError (HandshakeError (Refused NodeToNodeV_7 \"version data mismatch: NodeToNodeVersionData {networkMagic = NetworkMagic {unNetworkMagic = 764824073}, diffusionMode = InitiatorAndResponderDiffusionMode} /= NodeToNodeVersionData {networkMagic = NetworkMagic {unNetworkMagic = 9}, diffusionMode = InitiatorAndResponderDiffusionMode}\")))\n\n",
    "statusTrace" : "  File \"/home/martink/.local/python_venvs/cardano_node/lib/python3.10/site-packages/allure_commons/_allure.py\", line 200, in __call__\n    return self._fixture_function(*args, **kwargs)\n  File \"/home/martink/.local/python_venvs/cardano_node/lib/python3.10/site-packages/_pytest/fixtures.py\", line 941, in _teardown_yield_fixture\n    next(it)\n  File \"/home/martink/Source/repos/cardano-node-tests1/cardano_node_tests/tests/conftest.py\", line 290, in cluster_manager\n    cluster_manager_obj.on_test_stop()\n  File \"/home/martink/Source/repos/cardano-node-tests1/cardano_node_tests/utils/cluster_management.py\", line 357, in on_test_stop\n    logfiles.report_artifacts_errors(errors)\n  File \"/home/martink/Source/repos/cardano-node-tests1/cardano_node_tests/utils/logfiles.py\", line 253, in report_artifacts_errors\n    raise AssertionError(f\"Errors found in cluster log files:\\n{err_joined}\") from None\n",
    "steps" : [ ],
    "attachments" : [ ],
    "parameters" : [ ],
    "stepsCount" : 0,
    "attachmentsCount" : 0,
    "shouldDisplayMessage" : true,
    "hasContent" : true
  }, {
    "name" : "close_dbconn::0",
    "time" : {
      "start" : 1655381964951,
      "stop" : 1655381964952,
      "duration" : 1
    },
    "status" : "passed",
    "steps" : [ ],
    "attachments" : [ ],
    "parameters" : [ ],
    "stepsCount" : 0,
    "attachmentsCount" : 0,
    "shouldDisplayMessage" : false,
    "hasContent" : false
  } ],
  "labels" : [ {
    "name" : "tag",
    "value" : "testnets"
  }, {
    "name" : "tag",
    "value" : "dbsync"
  }, {
    "name" : "tag",
    "value" : "@pytest.mark.skipif(False, reason='runs only with Alonzo+ TX')"
  }, {
    "name" : "tag",
    "value" : "smoke"
  }, {
    "name" : "parentSuite",
    "value" : "cardano_node_tests.tests"
  }, {
    "name" : "suite",
    "value" : "test_plutus_spend_build"
  }, {
    "name" : "subSuite",
    "value" : "TestBuildLocking"
  }, {
    "name" : "host",
    "value" : "bender-3900x"
  }, {
    "name" : "thread",
    "value" : "868870-MainThread"
  }, {
    "name" : "framework",
    "value" : "pytest"
  }, {
    "name" : "language",
    "value" : "cpython3"
  }, {
    "name" : "package",
    "value" : "cardano_node_tests.tests.test_plutus_spend_build"
  }, {
    "name" : "resultFormat",
    "value" : "allure2"
  } ],
  "parameters" : [ {
    "name" : "plutus_version",
    "value" : "'v1'"
  } ],
  "links" : [ {
    "name" : "https://github.com/input-output-hk/cardano-node-tests/blob/226d3f30ecdb15f2868842956c7979f6179e24a9/cardano_node_tests/tests/test_plutus_spend_build.py#L411",
    "url" : "https://github.com/input-output-hk/cardano-node-tests/blob/226d3f30ecdb15f2868842956c7979f6179e24a9/cardano_node_tests/tests/test_plutus_spend_build.py#L411",
    "type" : "link"
  } ],
  "hidden" : false,
  "retry" : false,
  "extra" : {
    "severity" : "normal",
    "retries" : [ {
      "uid" : "3168bdbfb86a6437",
      "status" : "skipped",
      "statusDetails" : "Skipped: collected, not run",
      "time" : {
        "start" : 1655369876205,
        "stop" : 1655369876205,
        "duration" : 0
      }
    } ],
    "categories" : [ {
      "name" : "Product defects",
      "matchedStatuses" : [ ],
      "flaky" : false
    } ],
    "tags" : [ "@pytest.mark.skipif(False, reason='runs only with Alonzo+ TX')", "dbsync", "smoke", "testnets" ]
  },
  "source" : "21926fd75b594c65.json",
  "parameterValues" : [ "'v1'" ]
}